<?xml version="1.0" encoding="UTF-8"?>
<coverage generated="1555444580426" clover="3.2.0">
  <project timestamp="1555444580426" name="All files">
    <metrics statements="31" coveredstatements="31" conditionals="35" coveredconditionals="31" methods="3" coveredmethods="3" elements="69" coveredelements="65" complexity="0" loc="31" ncloc="31" packages="1" files="1" classes="1"/>
    <file name="gilded-rose.js" path="C:\Users\F13603\Documents\AK Personal\workspace\grrk-js-jest\src\gilded-rose.js">
      <metrics statements="31" coveredstatements="31" conditionals="35" coveredconditionals="31" methods="3" coveredmethods="3"/>
      <line num="3" count="33" type="stmt"/>
      <line num="4" count="33" type="stmt"/>
      <line num="5" count="33" type="stmt"/>
      <line num="11" count="11" type="stmt"/>
      <line num="14" count="11" type="stmt"/>
      <line num="15" count="31" type="cond" truecount="2" falsecount="0"/>
      <line num="19" count="11" type="cond" truecount="2" falsecount="0"/>
      <line num="20" count="9" type="cond" truecount="2" falsecount="0"/>
      <line num="21" count="5" type="stmt"/>
      <line num="25" count="20" type="cond" truecount="2" falsecount="0"/>
      <line num="26" count="18" type="stmt"/>
      <line num="27" count="18" type="cond" truecount="2" falsecount="0"/>
      <line num="28" count="16" type="cond" truecount="2" falsecount="0"/>
      <line num="29" count="13" type="cond" truecount="1" falsecount="1"/>
      <line num="30" count="13" type="stmt"/>
      <line num="33" count="16" type="cond" truecount="2" falsecount="0"/>
      <line num="34" count="8" type="cond" truecount="1" falsecount="1"/>
      <line num="35" count="8" type="stmt"/>
      <line num="41" count="31" type="cond" truecount="2" falsecount="0"/>
      <line num="42" count="27" type="stmt"/>
      <line num="44" count="31" type="cond" truecount="2" falsecount="0"/>
      <line num="45" count="7" type="cond" truecount="2" falsecount="0"/>
      <line num="46" count="5" type="cond" truecount="2" falsecount="0"/>
      <line num="47" count="2" type="cond" truecount="2" falsecount="0"/>
      <line num="48" count="1" type="cond" truecount="1" falsecount="1"/>
      <line num="49" count="1" type="stmt"/>
      <line num="53" count="3" type="stmt"/>
      <line num="57" count="2" type="cond" truecount="2" falsecount="0"/>
      <line num="58" count="1" type="stmt"/>
      <line num="64" count="11" type="stmt"/>
      <line num="68" count="2" type="stmt"/>
    </file>
  </project>
</coverage>
