{"C:\\Users\\F13603\\Documents\\AK Personal\\workspace\\grrk-js-jest\\src\\gilded-rose.js": {"path":"C:\\Users\\F13603\\Documents\\AK Personal\\workspace\\grrk-js-jest\\src\\gilded-rose.js","statementMap":{"0":{"start":{"line":3,"column":2},"end":{"line":3,"column":19}},"1":{"start":{"line":4,"column":2},"end":{"line":4,"column":23}},"2":{"start":{"line":5,"column":2},"end":{"line":5,"column":25}},"3":{"start":{"line":11,"column":2},"end":{"line":11,"column":21}},"4":{"start":{"line":14,"column":2},"end":{"line":62,"column":3}},"5":{"start":{"line":14,"column":15},"end":{"line":14,"column":16}},"6":{"start":{"line":15,"column":3},"end":{"line":40,"column":4}},"7":{"start":{"line":19,"column":4},"end":{"line":23,"column":5}},"8":{"start":{"line":20,"column":5},"end":{"line":22,"column":6}},"9":{"start":{"line":21,"column":6},"end":{"line":21,"column":56}},"10":{"start":{"line":25,"column":4},"end":{"line":39,"column":5}},"11":{"start":{"line":26,"column":5},"end":{"line":26,"column":55}},"12":{"start":{"line":27,"column":5},"end":{"line":38,"column":6}},"13":{"start":{"line":28,"column":6},"end":{"line":32,"column":7}},"14":{"start":{"line":29,"column":7},"end":{"line":31,"column":8}},"15":{"start":{"line":30,"column":8},"end":{"line":30,"column":58}},"16":{"start":{"line":33,"column":6},"end":{"line":37,"column":7}},"17":{"start":{"line":34,"column":7},"end":{"line":36,"column":8}},"18":{"start":{"line":35,"column":8},"end":{"line":35,"column":58}},"19":{"start":{"line":41,"column":3},"end":{"line":43,"column":4}},"20":{"start":{"line":42,"column":4},"end":{"line":42,"column":52}},"21":{"start":{"line":44,"column":3},"end":{"line":61,"column":4}},"22":{"start":{"line":45,"column":4},"end":{"line":60,"column":5}},"23":{"start":{"line":46,"column":5},"end":{"line":55,"column":6}},"24":{"start":{"line":47,"column":6},"end":{"line":51,"column":7}},"25":{"start":{"line":48,"column":7},"end":{"line":50,"column":8}},"26":{"start":{"line":49,"column":8},"end":{"line":49,"column":58}},"27":{"start":{"line":53,"column":6},"end":{"line":54,"column":53}},"28":{"start":{"line":57,"column":5},"end":{"line":59,"column":6}},"29":{"start":{"line":58,"column":6},"end":{"line":58,"column":56}},"30":{"start":{"line":64,"column":2},"end":{"line":64,"column":20}},"31":{"start":{"line":68,"column":0},"end":{"line":71,"column":2}}},"fnMap":{"0":{"name":"(anonymous_0)","decl":{"start":{"line":2,"column":1},"end":{"line":2,"column":2}},"loc":{"start":{"line":2,"column":36},"end":{"line":6,"column":2}},"line":2},"1":{"name":"(anonymous_1)","decl":{"start":{"line":10,"column":1},"end":{"line":10,"column":2}},"loc":{"start":{"line":10,"column":25},"end":{"line":12,"column":2}},"line":10},"2":{"name":"(anonymous_2)","decl":{"start":{"line":13,"column":1},"end":{"line":13,"column":2}},"loc":{"start":{"line":13,"column":17},"end":{"line":65,"column":2}},"line":13}},"branchMap":{"0":{"loc":{"start":{"line":10,"column":13},"end":{"line":10,"column":23}},"type":"default-arg","locations":[{"start":{"line":10,"column":21},"end":{"line":10,"column":23}}],"line":10},"1":{"loc":{"start":{"line":15,"column":3},"end":{"line":40,"column":4}},"type":"if","locations":[{"start":{"line":15,"column":3},"end":{"line":40,"column":4}},{"start":{"line":15,"column":3},"end":{"line":40,"column":4}}],"line":15},"2":{"loc":{"start":{"line":16,"column":4},"end":{"line":17,"column":44}},"type":"binary-expr","locations":[{"start":{"line":16,"column":4},"end":{"line":16,"column":37}},{"start":{"line":17,"column":4},"end":{"line":17,"column":44}}],"line":16},"3":{"loc":{"start":{"line":19,"column":4},"end":{"line":23,"column":5}},"type":"if","locations":[{"start":{"line":19,"column":4},"end":{"line":23,"column":5}},{"start":{"line":19,"column":4},"end":{"line":23,"column":5}}],"line":19},"4":{"loc":{"start":{"line":20,"column":5},"end":{"line":22,"column":6}},"type":"if","locations":[{"start":{"line":20,"column":5},"end":{"line":22,"column":6}},{"start":{"line":20,"column":5},"end":{"line":22,"column":6}}],"line":20},"5":{"loc":{"start":{"line":25,"column":4},"end":{"line":39,"column":5}},"type":"if","locations":[{"start":{"line":25,"column":4},"end":{"line":39,"column":5}},{"start":{"line":25,"column":4},"end":{"line":39,"column":5}}],"line":25},"6":{"loc":{"start":{"line":27,"column":5},"end":{"line":38,"column":6}},"type":"if","locations":[{"start":{"line":27,"column":5},"end":{"line":38,"column":6}},{"start":{"line":27,"column":5},"end":{"line":38,"column":6}}],"line":27},"7":{"loc":{"start":{"line":28,"column":6},"end":{"line":32,"column":7}},"type":"if","locations":[{"start":{"line":28,"column":6},"end":{"line":32,"column":7}},{"start":{"line":28,"column":6},"end":{"line":32,"column":7}}],"line":28},"8":{"loc":{"start":{"line":29,"column":7},"end":{"line":31,"column":8}},"type":"if","locations":[{"start":{"line":29,"column":7},"end":{"line":31,"column":8}},{"start":{"line":29,"column":7},"end":{"line":31,"column":8}}],"line":29},"9":{"loc":{"start":{"line":33,"column":6},"end":{"line":37,"column":7}},"type":"if","locations":[{"start":{"line":33,"column":6},"end":{"line":37,"column":7}},{"start":{"line":33,"column":6},"end":{"line":37,"column":7}}],"line":33},"10":{"loc":{"start":{"line":34,"column":7},"end":{"line":36,"column":8}},"type":"if","locations":[{"start":{"line":34,"column":7},"end":{"line":36,"column":8}},{"start":{"line":34,"column":7},"end":{"line":36,"column":8}}],"line":34},"11":{"loc":{"start":{"line":41,"column":3},"end":{"line":43,"column":4}},"type":"if","locations":[{"start":{"line":41,"column":3},"end":{"line":43,"column":4}},{"start":{"line":41,"column":3},"end":{"line":43,"column":4}}],"line":41},"12":{"loc":{"start":{"line":44,"column":3},"end":{"line":61,"column":4}},"type":"if","locations":[{"start":{"line":44,"column":3},"end":{"line":61,"column":4}},{"start":{"line":44,"column":3},"end":{"line":61,"column":4}}],"line":44},"13":{"loc":{"start":{"line":45,"column":4},"end":{"line":60,"column":5}},"type":"if","locations":[{"start":{"line":45,"column":4},"end":{"line":60,"column":5}},{"start":{"line":45,"column":4},"end":{"line":60,"column":5}}],"line":45},"14":{"loc":{"start":{"line":46,"column":5},"end":{"line":55,"column":6}},"type":"if","locations":[{"start":{"line":46,"column":5},"end":{"line":55,"column":6}},{"start":{"line":46,"column":5},"end":{"line":55,"column":6}}],"line":46},"15":{"loc":{"start":{"line":47,"column":6},"end":{"line":51,"column":7}},"type":"if","locations":[{"start":{"line":47,"column":6},"end":{"line":51,"column":7}},{"start":{"line":47,"column":6},"end":{"line":51,"column":7}}],"line":47},"16":{"loc":{"start":{"line":48,"column":7},"end":{"line":50,"column":8}},"type":"if","locations":[{"start":{"line":48,"column":7},"end":{"line":50,"column":8}},{"start":{"line":48,"column":7},"end":{"line":50,"column":8}}],"line":48},"17":{"loc":{"start":{"line":57,"column":5},"end":{"line":59,"column":6}},"type":"if","locations":[{"start":{"line":57,"column":5},"end":{"line":59,"column":6}},{"start":{"line":57,"column":5},"end":{"line":59,"column":6}}],"line":57}},"s":{"0":33,"1":33,"2":33,"3":11,"4":11,"5":11,"6":31,"7":11,"8":9,"9":5,"10":20,"11":18,"12":18,"13":16,"14":13,"15":13,"16":16,"17":8,"18":8,"19":31,"20":27,"21":31,"22":7,"23":5,"24":2,"25":1,"26":1,"27":3,"28":2,"29":1,"30":11,"31":2},"f":{"0":33,"1":11,"2":11},"b":{"0":[0],"1":[11,20],"2":[31,27],"3":[9,2],"4":[5,4],"5":[18,2],"6":[16,2],"7":[13,3],"8":[13,0],"9":[8,8],"10":[8,0],"11":[27,4],"12":[7,24],"13":[5,2],"14":[2,3],"15":[1,1],"16":[1,0],"17":[1,1]},"_coverageSchema":"43e27e138ebf9cfc5966b082cf9a028302ed4184","hash":"264a0e0d81156f2c9e5f4d3cde358bf1a03fc018"}
}
