TN:
SF:C:\Users\F13603\Documents\AK Personal\workspace\grrk-js-jest\src\gilded-rose.js
FN:2,(anonymous_0)
FN:10,(anonymous_1)
FN:13,(anonymous_2)
FNF:3
FNH:3
FNDA:33,(anonymous_0)
FNDA:11,(anonymous_1)
FNDA:11,(anonymous_2)
DA:3,33
DA:4,33
DA:5,33
DA:11,11
DA:14,11
DA:15,31
DA:19,11
DA:20,9
DA:21,5
DA:25,20
DA:26,18
DA:27,18
DA:28,16
DA:29,13
DA:30,13
DA:33,16
DA:34,8
DA:35,8
DA:41,31
DA:42,27
DA:44,31
DA:45,7
DA:46,5
DA:47,2
DA:48,1
DA:49,1
DA:53,3
DA:57,2
DA:58,1
DA:64,11
DA:68,2
LF:31
LH:31
BRDA:10,0,0,0
BRDA:15,1,0,11
BRDA:15,1,1,20
BRDA:16,2,0,31
BRDA:16,2,1,27
BRDA:19,3,0,9
BRDA:19,3,1,2
BRDA:20,4,0,5
BRDA:20,4,1,4
BRDA:25,5,0,18
BRDA:25,5,1,2
BRDA:27,6,0,16
BRDA:27,6,1,2
BRDA:28,7,0,13
BRDA:28,7,1,3
BRDA:29,8,0,13
BRDA:29,8,1,0
BRDA:33,9,0,8
BRDA:33,9,1,8
BRDA:34,10,0,8
BRDA:34,10,1,0
BRDA:41,11,0,27
BRDA:41,11,1,4
BRDA:44,12,0,7
BRDA:44,12,1,24
BRDA:45,13,0,5
BRDA:45,13,1,2
BRDA:46,14,0,2
BRDA:46,14,1,3
BRDA:47,15,0,1
BRDA:47,15,1,1
BRDA:48,16,0,1
BRDA:48,16,1,0
BRDA:57,17,0,1
BRDA:57,17,1,1
BRF:35
BRH:31
end_of_record
